Tue Jun 13 2023 0:29:43 [PH] error:  ✈ globalErrorHandler ~  [
  {
    "received": "07",
    "code": "invalid_enum_value",
    "options": [
      "01",
      "02",
      "03"
    ],
    "path": [
      "body",
      "code"
    ],
    "message": "Invalid enum value. Expected '01' | '02' | '03', received '07'"
  }
]
Tue Jun 13 2023 0:30:26 [PH] error:  ✈ globalErrorHandler ~  [
  {
    "received": "",
    "code": "invalid_enum_value",
    "options": [
      "Autumn",
      "Summer",
      "Fall"
    ],
    "path": [
      "body",
      "title"
    ],
    "message": "Invalid enum value. Expected 'Autumn' | 'Summer' | 'Fall', received ''"
  },
  {
    "received": "07",
    "code": "invalid_enum_value",
    "options": [
      "01",
      "02",
      "03"
    ],
    "path": [
      "body",
      "code"
    ],
    "message": "Invalid enum value. Expected '01' | '02' | '03', received '07'"
  }
]
Tue Jun 13 2023 0:57:33 [PH] error: listen EADDRINUSE: address already in use :::5000
