Sat Jun 17 2023 11:35:44 [PH] error:  ✈ globalErrorHandler ~  [
  {
    "expected": "'01' | '02' | '03'",
    "received": "undefined",
    "code": "invalid_type",
    "path": [
      "body",
      "code"
    ],
    "message": "Required"
  }
]
Sat Jun 17 2023 11:44:3 [PH] error:  ✈ globalErrorHandler ~  [
  {
    "expected": "'01' | '02' | '03'",
    "received": "undefined",
    "code": "invalid_type",
    "path": [
      "body",
      "code"
    ],
    "message": "Required"
  }
]
Sat Jun 17 2023 11:44:40 [PH] error:  ✈ globalErrorHandler ~  [
  {
    "code": "custom",
    "message": "Either both title and code should be provided or neither",
    "path": []
  }
]
Sat Jun 17 2023 11:47:36 [PH] error:  ✈ globalErrorHandler ~  [
  {
    "expected": "'01' | '02' | '03'",
    "received": "undefined",
    "code": "invalid_type",
    "path": [
      "body",
      "code"
    ],
    "message": "Required"
  }
]
Sat Jun 17 2023 11:47:46 [PH] error:  ✈ globalErrorHandler ~  [
  {
    "expected": "'01' | '02' | '03'",
    "received": "undefined",
    "code": "invalid_type",
    "path": [
      "body",
      "code"
    ],
    "message": "Required"
  }
]
Sat Jun 17 2023 11:48:14 [PH] error:  ✈ globalErrorHandler ~  [
  {
    "expected": "'01' | '02' | '03'",
    "received": "undefined",
    "code": "invalid_type",
    "path": [
      "body",
      "code"
    ],
    "message": "Required"
  }
]
Sat Jun 17 2023 11:48:17 [PH] error:  ✈ globalErrorHandler ~  [
  {
    "expected": "'01' | '02' | '03'",
    "received": "undefined",
    "code": "invalid_type",
    "path": [
      "body",
      "code"
    ],
    "message": "Required"
  }
]
Sat Jun 17 2023 11:49:6 [PH] error:  ✈ globalErrorHandler ~  [
  {
    "expected": "'01' | '02' | '03'",
    "received": "undefined",
    "code": "invalid_type",
    "path": [
      "body",
      "code"
    ],
    "message": "Required"
  }
]
