Sat Jul 08 2023 18:6:2 [PH] error:  ✈ globalErrorHandler ~  [
  {
    "code": "invalid_type",
    "expected": "object",
    "received": "undefined",
    "path": [
      "cookies"
    ],
    "message": "Required"
  }
]
Sat Jul 08 2023 18:6:4 [PH] error:  ✈ globalErrorHandler ~  [
  {
    "code": "invalid_type",
    "expected": "object",
    "received": "undefined",
    "path": [
      "cookies"
    ],
    "message": "Required"
  }
]
Sat Jul 08 2023 18:6:5 [PH] error:  ✈ globalErrorHandler ~  [
  {
    "code": "invalid_type",
    "expected": "object",
    "received": "undefined",
    "path": [
      "cookies"
    ],
    "message": "Required"
  }
]
Sat Jul 08 2023 18:13:42 [PH] error:  ✈ globalErrorHandler ~  [
  {
    "code": "invalid_type",
    "expected": "object",
    "received": "undefined",
    "path": [
      "cookies"
    ],
    "message": "Required"
  }
]
Sat Jul 08 2023 18:13:54 [PH] error:  ✈ globalErrorHandler ~  [
  {
    "code": "invalid_type",
    "expected": "object",
    "received": "undefined",
    "path": [
      "cookies"
    ],
    "message": "Required"
  }
]
Sat Jul 08 2023 18:24:45 [PH] error:  ✈ globalErrorHandler ~  [
  {
    "code": "invalid_type",
    "expected": "object",
    "received": "undefined",
    "path": [
      "cookies"
    ],
    "message": "Required"
  }
]
Sat Jul 08 2023 18:26:46 [PH] error:  ✈ globalErrorHandler ~  [
  {
    "code": "invalid_type",
    "expected": "object",
    "received": "undefined",
    "path": [
      "cookies"
    ],
    "message": "Required"
  }
]
Sat Jul 08 2023 18:55:45 [PH] error:  ✈ globalErrorHandler ~  [
  {
    "code": "invalid_type",
    "expected": "object",
    "received": "undefined",
    "path": [
      "cookies"
    ],
    "message": "Required"
  }
]
