Sat Jun 17 2023 4:0:23 [PH] error:  ✈ globalErrorHandler ~  Unexpected token } in JSON at position 39
Sat Jun 17 2023 4:0:43 [PH] error:  ✈ globalErrorHandler ~  [
  {
    "expected": "'01' | '02' | '03'",
    "received": "undefined",
    "code": "invalid_type",
    "path": [
      "body",
      "code"
    ],
    "message": "Required"
  }
]
Sat Jun 17 2023 4:1:34 [PH] error:  ✈ globalErrorHandler ~  [
  {
    "expected": "'01' | '02' | '03'",
    "received": "undefined",
    "code": "invalid_type",
    "path": [
      "body",
      "code"
    ],
    "message": "Required"
  }
]
Sat Jun 17 2023 4:1:36 [PH] error:  ✈ globalErrorHandler ~  [
  {
    "expected": "'01' | '02' | '03'",
    "received": "undefined",
    "code": "invalid_type",
    "path": [
      "body",
      "code"
    ],
    "message": "Required"
  }
]
Sat Jun 17 2023 4:10:53 [PH] error:  ✈ globalErrorHandler ~  [
  {
    "expected": "'01' | '02' | '03'",
    "received": "undefined",
    "code": "invalid_type",
    "path": [
      "body",
      "code"
    ],
    "message": "Required"
  }
]
Sat Jun 17 2023 4:11:4 [PH] error:  ✈ globalErrorHandler ~  Invalid Semester Code
Sat Jun 17 2023 4:15:4 [PH] error:  ✈ globalErrorHandler ~  Invalid Semester Code
Sat Jun 17 2023 4:15:9 [PH] error:  ✈ globalErrorHandler ~  [
  {
    "expected": "'01' | '02' | '03'",
    "received": "undefined",
    "code": "invalid_type",
    "path": [
      "body",
      "code"
    ],
    "message": "Required"
  }
]
