Sun Jun 11 2023 18:12:5 [PH] error:  ✈ globalErrorHandler ~  [
  {
    "code": "invalid_type",
    "expected": "string",
    "received": "undefined",
    "path": [
      "body",
      "role"
    ],
    "message": "role is required"
  }
]
Sun Jun 11 2023 18:14:7 [PH] error:  ✈ globalErrorHandler ~  [
  {
    "code": "invalid_type",
    "expected": "string",
    "received": "undefined",
    "path": [
      "body",
      "role"
    ],
    "message": "role is required"
  }
]
Sun Jun 11 2023 18:14:59 [PH] error:  ✈ globalErrorHandler ~  User validation failed: role: Path `role` is required.
Sun Jun 11 2023 18:21:26 [PH] error:  ✈ globalErrorHandler ~  [
  {
    "code": "invalid_type",
    "expected": "string",
    "received": "undefined",
    "path": [
      "body",
      "role"
    ],
    "message": "role is required"
  }
]
Sun Jun 11 2023 18:22:36 [PH] error:  ✈ globalErrorHandler ~  [
  {
    "code": "invalid_type",
    "expected": "string",
    "received": "undefined",
    "path": [
      "body",
      "role"
    ],
    "message": "role is required"
  }
]
Sun Jun 11 2023 18:46:5 [PH] error:  ✈ globalErrorHandler ~  [
  {
    "code": "invalid_type",
    "expected": "string",
    "received": "undefined",
    "path": [
      "body",
      "role"
    ],
    "message": "role is required"
  }
]
