Sat Jul 08 2023 17:52:55 [PH] error:  ✈ globalErrorHandler ~  [
  {
    "code": "invalid_type",
    "expected": "object",
    "received": "undefined",
    "path": [
      "cookies"
    ],
    "message": "Required"
  }
]
Sat Jul 08 2023 17:55:38 [PH] error:  ✈ globalErrorHandler ~  [
  {
    "code": "invalid_type",
    "expected": "object",
    "received": "undefined",
    "path": [
      "cookies"
    ],
    "message": "Required"
  }
]
Sat Jul 08 2023 17:56:50 [PH] error:  ✈ globalErrorHandler ~  schema.parseAsync is not a function
Sat Jul 08 2023 17:57:43 [PH] error:  ✈ globalErrorHandler ~  [
  {
    "code": "invalid_type",
    "expected": "object",
    "received": "undefined",
    "path": [
      "cookies"
    ],
    "message": "Required"
  }
]
