Fri Jun 09 2023 2:35:52 [PH] error:  ✈ globalErrorHandler ~  [
  {
    "code": "invalid_type",
    "expected": "string",
    "received": "undefined",
    "path": [
      "body",
      "role"
    ],
    "message": "role is required"
  }
]
Fri Jun 09 2023 2:38:57 [PH] error:  😢 Failed to connect database connect ETIMEDOUT 18.235.104.7:27017
Fri Jun 09 2023 2:39:10 [PH] error:  ✈ globalErrorHandler ~  Operation `users.findOne()` buffering timed out after 10000ms
Fri Jun 09 2023 2:57:20 [PH] error:  ✈ globalErrorHandler ~  User validation failed: role: Path `role` is required.
Fri Jun 09 2023 2:59:5 [PH] error:  ✈ globalErrorHandler ~  [
  {
    "code": "invalid_type",
    "expected": "string",
    "received": "undefined",
    "path": [
      "body",
      "role"
    ],
    "message": "role is required"
  }
]
Fri Jun 09 2023 2:59:17 [PH] error:  ✈ globalErrorHandler ~  [
  {
    "code": "invalid_type",
    "expected": "string",
    "received": "undefined",
    "path": [
      "body",
      "role"
    ],
    "message": "role is required"
  }
]
